Using pre-set license
Built from '2020.2/release' branch; Version is '2020.2.1f1 (270dd8c3da1c) revision 2559448'; Using compiler version '192528614'; Build Type 'Release'
OS: 'Windows 10  (10.0.0) 64bit' Language: 'es' Physical Memory: 16313 MB
BatchMode: 1, IsHumanControllingUs: 0, StartBugReporterOnCrash: 0, Is64bit: 1, IsPro: 0

 COMMAND LINE ARGUMENTS:
C:\Program Files\Unity\Hub\Editor\2020.2.1f1\Editor\Unity.exe
-adb2
-batchMode
-noUpm
-name
AssetImportWorker0
-projectPath
E:/avanze de cursos/ARExamen
-logFile
Logs/AssetImportWorker0.log
-srvPort
50300
Successfully changed project path to: E:/avanze de cursos/ARExamen
E:/avanze de cursos/ARExamen
Using Asset Import Pipeline V2.
Refreshing native plugins compatible for Editor in 27.80 ms, found 0 plugins.
Preloading 0 native plugins for Editor in 0.00 ms.
Initialize engine version: 2020.2.1f1 (270dd8c3da1c)
[Subsystems] Discovering subsystems at path C:/Program Files/Unity/Hub/Editor/2020.2.1f1/Editor/Data/Resources/UnitySubsystems
[Subsystems] Discovering subsystems at path E:/avanze de cursos/ARExamen/Assets
GfxDevice: creating device client; threaded=0
Direct3D:
    Version:  Direct3D 11.0 [level 11.1]
    Renderer: NVIDIA GeForce GTX 1050 Ti (ID=0x1c82)
    Vendor:   
    VRAM:     4018 MB
    Driver:   27.21.14.6109
Initialize mono
Mono path[0] = 'C:/Program Files/Unity/Hub/Editor/2020.2.1f1/Editor/Data/Managed'
Mono path[1] = 'C:/Program Files/Unity/Hub/Editor/2020.2.1f1/Editor/Data/MonoBleedingEdge/lib/mono/unityjit'
Mono config path = 'C:/Program Files/Unity/Hub/Editor/2020.2.1f1/Editor/Data/MonoBleedingEdge/etc'
Using monoOptions --debugger-agent=transport=dt_socket,embedding=1,server=y,suspend=n,address=127.0.0.1:56056
Begin MonoManager ReloadAssembly
Registering precompiled unity dll's ...
Register platform support module: C:/Program Files/Unity/Hub/Editor/2020.2.1f1/Editor/Data/PlaybackEngines/WindowsStandaloneSupport/UnityEditor.WindowsStandalone.Extensions.dll
Registered in 0.001799 seconds.
Native extension for WindowsStandalone target not found
Refreshing native plugins compatible for Editor in 26.96 ms, found 0 plugins.
Preloading 0 native plugins for Editor in 0.00 ms.
Invoked RoslynAnalysisRunner static constructor.
RoslynAnalysisRunner will not be running.
RoslynAnalysisRunner has terminated.
Mono: successfully reloaded assembly
- Completed reload, in  1.969 seconds
Platform modules already initialized, skipping
Registering precompiled user dll's ...
Registered in 0.000668 seconds.
Begin MonoManager ReloadAssembly
Native extension for WindowsStandalone target not found
Refreshing native plugins compatible for Editor in 0.26 ms, found 0 plugins.
Preloading 0 native plugins for Editor in 0.00 ms.
Invoked RoslynAnalysisRunner static constructor.
RoslynAnalysisRunner will not be running.
RoslynAnalysisRunner has terminated.
Mono: successfully reloaded assembly
- Completed reload, in  0.892 seconds
Platform modules already initialized, skipping
========================================================================
Worker process is ready to serve import requests
Launched and connected shader compiler UnityShaderCompiler.exe after 0.05 seconds
Refreshing native plugins compatible for Editor in 0.35 ms, found 0 plugins.
Preloading 0 native plugins for Editor in 0.00 ms.
Unloading 1416 Unused Serialized files (Serialized files now loaded: 0)
System memory in use before: 66.0 MB.
System memory in use after: 66.1 MB.

Unloading 12 unused Assets to reduce memory usage. Loaded Objects now: 1858.
Total: 2.398200 ms (FindLiveObjects: 0.339400 ms CreateObjectMapping: 0.272700 ms MarkObjects: 1.717500 ms  DeleteObjects: 0.067500 ms)

========================================================================
Received Import Request.
  path: Assets
  artifactKey: Guid(00000000000000001000000000000000) Importer(815301076,1909f56bfc062723c751e8b465ee728b)
Start importing Assets using Guid(00000000000000001000000000000000) Importer(815301076,1909f56bfc062723c751e8b465ee728b)  -> (artifact id: 'e1a2c4dac9df7c17871e19a3b74f0e9f') in 0.008384 seconds
  Import took 0.010770 seconds .

========================================================================
Received Import Request.
  Time since last request: 13.065755 seconds.
  path: Assets/prefabs
  artifactKey: Guid(c0b44ab7ee556c341a0b6a25ba9be7d3) Importer(815301076,1909f56bfc062723c751e8b465ee728b)
Start importing Assets/prefabs using Guid(c0b44ab7ee556c341a0b6a25ba9be7d3) Importer(815301076,1909f56bfc062723c751e8b465ee728b)  -> (artifact id: 'c009dd0e32bf017792a056d27748c34d') in 0.010568 seconds
  Import took 0.013224 seconds .

========================================================================
Received Import Request.
  Time since last request: 0.011168 seconds.
  path: Assets/prefabs
  artifactKey: Guid(c0b44ab7ee556c341a0b6a25ba9be7d3) Importer(815301076,1909f56bfc062723c751e8b465ee728b)
Start importing Assets/prefabs using Guid(c0b44ab7ee556c341a0b6a25ba9be7d3) Importer(815301076,1909f56bfc062723c751e8b465ee728b)  -> (artifact id: 'c009dd0e32bf017792a056d27748c34d') in 0.003133 seconds
  Import took 0.006014 seconds .

========================================================================
Received Import Request.
  Time since last request: 39.968065 seconds.
  path: Assets/prefabs/SpawnableManager.cs
  artifactKey: Guid(e9865bd6f74f17341a8ae644acb8a409) Importer(815301076,1909f56bfc062723c751e8b465ee728b)
Start importing Assets/prefabs/SpawnableManager.cs using Guid(e9865bd6f74f17341a8ae644acb8a409) Importer(815301076,1909f56bfc062723c751e8b465ee728b)  -> (artifact id: 'e09fced08f6188d2cd1436120d1f85c4') in 0.044682 seconds
  Import took 0.050601 seconds .

========================================================================
Received Prepare
Registering precompiled user dll's ...
Registered in 0.000872 seconds.
Begin MonoManager ReloadAssembly
Native extension for WindowsStandalone target not found
Refreshing native plugins compatible for Editor in 0.31 ms, found 0 plugins.
Preloading 0 native plugins for Editor in 0.00 ms.
Invoked RoslynAnalysisRunner static constructor.
RoslynAnalysisRunner will not be running.
RoslynAnalysisRunner has terminated.
Mono: successfully reloaded assembly
- Completed reload, in  1.154 seconds
Platform modules already initialized, skipping
Refreshing native plugins compatible for Editor in 0.30 ms, found 0 plugins.
Preloading 0 native plugins for Editor in 0.00 ms.
Unloading 1408 Unused Serialized files (Serialized files now loaded: 0)
System memory in use before: 65.9 MB.
System memory in use after: 66.0 MB.

Unloading 7 unused Assets to reduce memory usage. Loaded Objects now: 1862.
Total: 1.854900 ms (FindLiveObjects: 0.206400 ms CreateObjectMapping: 0.091200 ms MarkObjects: 1.509300 ms  DeleteObjects: 0.047000 ms)

========================================================================
Received Prepare
Registering precompiled user dll's ...
Registered in 0.000719 seconds.
Begin MonoManager ReloadAssembly
Native extension for WindowsStandalone target not found
Refreshing native plugins compatible for Editor in 0.27 ms, found 0 plugins.
Preloading 0 native plugins for Editor in 0.00 ms.
Invoked RoslynAnalysisRunner static constructor.
RoslynAnalysisRunner will not be running.
RoslynAnalysisRunner has terminated.
Mono: successfully reloaded assembly
- Completed reload, in  0.818 seconds
Platform modules already initialized, skipping
Refreshing native plugins compatible for Editor in 0.26 ms, found 0 plugins.
Preloading 0 native plugins for Editor in 0.00 ms.
Unloading 1408 Unused Serialized files (Serialized files now loaded: 0)
System memory in use before: 66.1 MB.
System memory in use after: 66.1 MB.

Unloading 7 unused Assets to reduce memory usage. Loaded Objects now: 1865.
Total: 1.973000 ms (FindLiveObjects: 0.261500 ms CreateObjectMapping: 0.081300 ms MarkObjects: 1.576800 ms  DeleteObjects: 0.052100 ms)

========================================================================
Received Import Request.
  Time since last request: 643.863456 seconds.
  path: Assets/prefabs/SpawnableManager.cs
  artifactKey: Guid(e9865bd6f74f17341a8ae644acb8a409) Importer(815301076,1909f56bfc062723c751e8b465ee728b)
Start importing Assets/prefabs/SpawnableManager.cs using Guid(e9865bd6f74f17341a8ae644acb8a409) Importer(815301076,1909f56bfc062723c751e8b465ee728b)  -> (artifact id: '1761313e0e1eca6a6f5b61a207f18d39') in 0.005484 seconds
  Import took 0.007989 seconds .

========================================================================
Received Import Request.
  Time since last request: 190.022851 seconds.
  path: ProjectSettings/TagManager.asset
  artifactKey: Guid(00000000000000003000000000000000) Importer(815301076,1909f56bfc062723c751e8b465ee728b)
Start importing ProjectSettings/TagManager.asset using Guid(00000000000000003000000000000000) Importer(815301076,1909f56bfc062723c751e8b465ee728b)  -> (artifact id: '8988b340c206bb1d98ca0d47b0266d3b') in 0.020320 seconds
  Import took 0.023346 seconds .

========================================================================
Received Import Request.
  Time since last request: 0.019455 seconds.
  path: ProjectSettings/TagManager.asset
  artifactKey: Guid(00000000000000003000000000000000) Importer(815301076,1909f56bfc062723c751e8b465ee728b)
Start importing ProjectSettings/TagManager.asset using Guid(00000000000000003000000000000000) Importer(815301076,1909f56bfc062723c751e8b465ee728b)  -> (artifact id: '8988b340c206bb1d98ca0d47b0266d3b') in 0.004908 seconds
  Import took 0.009065 seconds .

========================================================================
Received Import Request.
  Time since last request: 44.219746 seconds.
  path: Assets/prefabs/Cube.prefab
  artifactKey: Guid(ecfa7ccf84590b04cbb16013c797931d) Importer(815301076,1909f56bfc062723c751e8b465ee728b)
Start importing Assets/prefabs/Cube.prefab using Guid(ecfa7ccf84590b04cbb16013c797931d) Importer(815301076,1909f56bfc062723c751e8b465ee728b)  -> (artifact id: 'c5ea6d5cc5608379d2a7ce3fac41c3c4') in 0.104772 seconds
  Import took 0.107083 seconds .

========================================================================
Received Import Request.
  Time since last request: 5.879940 seconds.
  path: Assets/prefabs/AR Default Plane.prefab
  artifactKey: Guid(8f701b2afdaa799429a3fa9a8b664d9b) Importer(815301076,1909f56bfc062723c751e8b465ee728b)
Start importing Assets/prefabs/AR Default Plane.prefab using Guid(8f701b2afdaa799429a3fa9a8b664d9b) Importer(815301076,1909f56bfc062723c751e8b465ee728b)  -> (artifact id: '8fa10de513e4d723b1823d235afebff0') in 0.012197 seconds
  Import took 0.015170 seconds .

========================================================================
Received Prepare
Registering precompiled user dll's ...
Registered in 0.000625 seconds.
Begin MonoManager ReloadAssembly
Native extension for WindowsStandalone target not found
Refreshing native plugins compatible for Editor in 0.27 ms, found 0 plugins.
Preloading 0 native plugins for Editor in 0.00 ms.
Invoked RoslynAnalysisRunner static constructor.
RoslynAnalysisRunner will not be running.
RoslynAnalysisRunner has terminated.
Mono: successfully reloaded assembly
- Completed reload, in  0.895 seconds
Platform modules already initialized, skipping
Refreshing native plugins compatible for Editor in 0.29 ms, found 0 plugins.
Preloading 0 native plugins for Editor in 0.00 ms.
Unloading 1412 Unused Serialized files (Serialized files now loaded: 0)
System memory in use before: 69.4 MB.
System memory in use after: 69.5 MB.

Unloading 10 unused Assets to reduce memory usage. Loaded Objects now: 1876.
Total: 1.843900 ms (FindLiveObjects: 0.165700 ms CreateObjectMapping: 0.058100 ms MarkObjects: 1.553600 ms  DeleteObjects: 0.065500 ms)

========================================================================
Received Prepare
Refreshing native plugins compatible for Editor in 0.85 ms, found 0 plugins.
Preloading 0 native plugins for Editor in 0.00 ms.
Unloading 7 Unused Serialized files (Serialized files now loaded: 0)
System memory in use before: 41.3 MB.
System memory in use after: 41.4 MB.

Unloading 4 unused Assets to reduce memory usage. Loaded Objects now: 1876.
Total: 2.225000 ms (FindLiveObjects: 0.164900 ms CreateObjectMapping: 0.062400 ms MarkObjects: 1.941200 ms  DeleteObjects: 0.054700 ms)

========================================================================
Received Prepare
Refreshing native plugins compatible for Editor in 0.77 ms, found 0 plugins.
Preloading 0 native plugins for Editor in 0.00 ms.
Unloading 4 Unused Serialized files (Serialized files now loaded: 0)
System memory in use before: 41.3 MB.
System memory in use after: 41.4 MB.

Unloading 4 unused Assets to reduce memory usage. Loaded Objects now: 1876.
Total: 2.178600 ms (FindLiveObjects: 0.175000 ms CreateObjectMapping: 0.078100 ms MarkObjects: 1.872700 ms  DeleteObjects: 0.051300 ms)

AssetImportWorkerClient::OnTransportError - code=2 error=End of file
